[2018-03-12T22:11:41,256][INFO ][o.e.n.Node               ] [] initializing ...
[2018-03-12T22:11:43,309][INFO ][o.e.e.NodeEnvironment    ] [oVPwPF5] using [1] data paths, mounts [[LENOVO (D:)]], net usable_space [356.7gb], net total_space [816.1gb], spins? [unknown], types [NTFS]
[2018-03-12T22:11:43,310][INFO ][o.e.e.NodeEnvironment    ] [oVPwPF5] heap size [1.9gb], compressed ordinary object pointers [true]
[2018-03-12T22:11:43,314][INFO ][o.e.n.Node               ] node name [oVPwPF5] derived from node ID [oVPwPF51Rq6bf620U5Yafg]; set [node.name] to override
[2018-03-12T22:11:43,317][INFO ][o.e.n.Node               ] version[5.2.0], pid[7848], build[24e05b9/2017-01-24T19:52:35.800Z], OS[Windows 8.1/6.3/amd64], JVM[Oracle Corporation/Java HotSpot(TM) 64-Bit Server VM/1.8.0_121/25.121-b13]
[2018-03-12T22:11:45,543][INFO ][o.e.p.PluginsService     ] [oVPwPF5] loaded module [aggs-matrix-stats]
[2018-03-12T22:11:45,545][INFO ][o.e.p.PluginsService     ] [oVPwPF5] loaded module [ingest-common]
[2018-03-12T22:11:45,545][INFO ][o.e.p.PluginsService     ] [oVPwPF5] loaded module [lang-expression]
[2018-03-12T22:11:45,549][INFO ][o.e.p.PluginsService     ] [oVPwPF5] loaded module [lang-groovy]
[2018-03-12T22:11:45,556][INFO ][o.e.p.PluginsService     ] [oVPwPF5] loaded module [lang-mustache]
[2018-03-12T22:11:45,557][INFO ][o.e.p.PluginsService     ] [oVPwPF5] loaded module [lang-painless]
[2018-03-12T22:11:45,562][INFO ][o.e.p.PluginsService     ] [oVPwPF5] loaded module [percolator]
[2018-03-12T22:11:45,564][INFO ][o.e.p.PluginsService     ] [oVPwPF5] loaded module [reindex]
[2018-03-12T22:11:45,564][INFO ][o.e.p.PluginsService     ] [oVPwPF5] loaded module [transport-netty3]
[2018-03-12T22:11:45,566][INFO ][o.e.p.PluginsService     ] [oVPwPF5] loaded module [transport-netty4]
[2018-03-12T22:11:45,600][INFO ][o.e.p.PluginsService     ] [oVPwPF5] no plugins loaded
[2018-03-12T22:11:54,047][INFO ][o.e.n.Node               ] initialized
[2018-03-12T22:11:54,048][INFO ][o.e.n.Node               ] [oVPwPF5] starting ...
[2018-03-12T22:11:56,596][INFO ][o.e.t.TransportService   ] [oVPwPF5] publish_address {127.0.0.1:9301}, bound_addresses {127.0.0.1:9301}, {[::1]:9301}
[2018-03-12T22:11:59,875][INFO ][o.e.c.s.ClusterService   ] [oVPwPF5] detected_master {AOsTplI}{AOsTplI-RPGMhwE3hzuPaA}{JtWTeg-hS-GoV2peN9Hsaw}{127.0.0.1}{127.0.0.1:9300}, added {{AOsTplI}{AOsTplI-RPGMhwE3hzuPaA}{JtWTeg-hS-GoV2peN9Hsaw}{127.0.0.1}{127.0.0.1:9300},}, reason: zen-disco-receive(from master [master {AOsTplI}{AOsTplI-RPGMhwE3hzuPaA}{JtWTeg-hS-GoV2peN9Hsaw}{127.0.0.1}{127.0.0.1:9300} committed version [5]])
[2018-03-12T22:12:01,991][INFO ][o.e.h.HttpServer         ] [oVPwPF5] publish_address {127.0.0.1:9201}, bound_addresses {127.0.0.1:9201}, {[::1]:9201}
[2018-03-12T22:12:01,991][INFO ][o.e.n.Node               ] [oVPwPF5] started
[2018-03-12T22:43:22,772][INFO ][o.e.d.z.ZenDiscovery     ] [oVPwPF5] master_left [{AOsTplI}{AOsTplI-RPGMhwE3hzuPaA}{JtWTeg-hS-GoV2peN9Hsaw}{127.0.0.1}{127.0.0.1:9300}], reason [shut_down]
[2018-03-12T22:43:22,784][INFO ][o.e.d.z.ZenDiscovery     ] [oVPwPF5] master_left [{AOsTplI}{AOsTplI-RPGMhwE3hzuPaA}{JtWTeg-hS-GoV2peN9Hsaw}{127.0.0.1}{127.0.0.1:9300}], reason [transport disconnected]
[2018-03-12T22:43:22,787][WARN ][o.e.d.z.ZenDiscovery     ] [oVPwPF5] master left (reason = shut_down), current nodes: nodes: 
   {oVPwPF5}{oVPwPF51Rq6bf620U5Yafg}{wXWhReizQaWvpMVeVmnLfw}{127.0.0.1}{127.0.0.1:9301}, local
   {AOsTplI}{AOsTplI-RPGMhwE3hzuPaA}{JtWTeg-hS-GoV2peN9Hsaw}{127.0.0.1}{127.0.0.1:9300}, master

[2018-03-12T22:43:23,793][WARN ][o.e.c.NodeConnectionsService] [oVPwPF5] failed to connect to node {AOsTplI}{AOsTplI-RPGMhwE3hzuPaA}{JtWTeg-hS-GoV2peN9Hsaw}{127.0.0.1}{127.0.0.1:9300} (tried [1] times)
org.elasticsearch.transport.ConnectTransportException: [AOsTplI][127.0.0.1:9300] connect_timeout[30s]
	at org.elasticsearch.transport.netty4.Netty4Transport.connectToChannels(Netty4Transport.java:370) ~[?:?]
	at org.elasticsearch.transport.TcpTransport.openConnection(TcpTransport.java:495) ~[elasticsearch-5.2.0.jar:5.2.0]
	at org.elasticsearch.transport.TcpTransport.connectToNode(TcpTransport.java:460) ~[elasticsearch-5.2.0.jar:5.2.0]
	at org.elasticsearch.transport.TransportService.connectToNode(TransportService.java:318) ~[elasticsearch-5.2.0.jar:5.2.0]
	at org.elasticsearch.transport.TransportService.connectToNode(TransportService.java:305) ~[elasticsearch-5.2.0.jar:5.2.0]
	at org.elasticsearch.cluster.NodeConnectionsService.validateNodeConnected(NodeConnectionsService.java:121) [elasticsearch-5.2.0.jar:5.2.0]
	at org.elasticsearch.cluster.NodeConnectionsService.connectToNodes(NodeConnectionsService.java:87) [elasticsearch-5.2.0.jar:5.2.0]
	at org.elasticsearch.cluster.service.ClusterService.publishAndApplyChanges(ClusterService.java:775) [elasticsearch-5.2.0.jar:5.2.0]
	at org.elasticsearch.cluster.service.ClusterService.runTasks(ClusterService.java:628) [elasticsearch-5.2.0.jar:5.2.0]
	at org.elasticsearch.cluster.service.ClusterService$UpdateTask.run(ClusterService.java:1112) [elasticsearch-5.2.0.jar:5.2.0]
	at org.elasticsearch.common.util.concurrent.ThreadContext$ContextPreservingRunnable.run(ThreadContext.java:527) [elasticsearch-5.2.0.jar:5.2.0]
	at org.elasticsearch.common.util.concurrent.PrioritizedEsThreadPoolExecutor$TieBreakingPrioritizedRunnable.runAndClean(PrioritizedEsThreadPoolExecutor.java:238) [elasticsearch-5.2.0.jar:5.2.0]
	at org.elasticsearch.common.util.concurrent.PrioritizedEsThreadPoolExecutor$TieBreakingPrioritizedRunnable.run(PrioritizedEsThreadPoolExecutor.java:201) [elasticsearch-5.2.0.jar:5.2.0]
	at java.util.concurrent.ThreadPoolExecutor.runWorker(ThreadPoolExecutor.java:1142) [?:1.8.0_121]
	at java.util.concurrent.ThreadPoolExecutor$Worker.run(ThreadPoolExecutor.java:617) [?:1.8.0_121]
	at java.lang.Thread.run(Thread.java:745) [?:1.8.0_121]
Caused by: io.netty.channel.AbstractChannel$AnnotatedConnectException: Connection refused: no further information: 127.0.0.1/127.0.0.1:9300
	at sun.nio.ch.SocketChannelImpl.checkConnect(Native Method) ~[?:?]
	at sun.nio.ch.SocketChannelImpl.finishConnect(SocketChannelImpl.java:717) ~[?:?]
	at io.netty.channel.socket.nio.NioSocketChannel.doFinishConnect(NioSocketChannel.java:346) ~[?:?]
	at io.netty.channel.nio.AbstractNioChannel$AbstractNioUnsafe.finishConnect(AbstractNioChannel.java:340) ~[?:?]
	at io.netty.channel.nio.NioEventLoop.processSelectedKey(NioEventLoop.java:630) ~[?:?]
	at io.netty.channel.nio.NioEventLoop.processSelectedKeysPlain(NioEventLoop.java:527) ~[?:?]
	at io.netty.channel.nio.NioEventLoop.processSelectedKeys(NioEventLoop.java:481) ~[?:?]
	at io.netty.channel.nio.NioEventLoop.run(NioEventLoop.java:441) ~[?:?]
	at io.netty.util.concurrent.SingleThreadEventExecutor$5.run(SingleThreadEventExecutor.java:858) ~[?:?]
	... 1 more
[2018-03-12T22:43:25,814][INFO ][o.e.c.s.ClusterService   ] [oVPwPF5] new_master {oVPwPF5}{oVPwPF51Rq6bf620U5Yafg}{wXWhReizQaWvpMVeVmnLfw}{127.0.0.1}{127.0.0.1:9301}, reason: zen-disco-elected-as-master ([0] nodes joined)
[2018-03-12T22:43:25,830][INFO ][o.e.b.Bootstrap          ] running graceful exit on windows
[2018-03-12T22:43:25,832][INFO ][o.e.n.Node               ] [oVPwPF5] stopping ...
[2018-03-12T22:43:26,838][DEBUG][o.e.a.a.c.n.s.TransportNodesStatsAction] [oVPwPF5] failed to execute on node [oVPwPF51Rq6bf620U5Yafg]
org.elasticsearch.transport.SendRequestTransportException: [oVPwPF5][127.0.0.1:9301][cluster:monitor/nodes/stats[n]]
	at org.elasticsearch.transport.TransportService.sendRequestInternal(TransportService.java:564) ~[elasticsearch-5.2.0.jar:5.2.0]
	at org.elasticsearch.transport.TransportService.sendRequest(TransportService.java:485) ~[elasticsearch-5.2.0.jar:5.2.0]
	at org.elasticsearch.transport.TransportService.sendRequest(TransportService.java:473) ~[elasticsearch-5.2.0.jar:5.2.0]
	at org.elasticsearch.action.support.nodes.TransportNodesAction$AsyncAction.start(TransportNodesAction.java:205) ~[elasticsearch-5.2.0.jar:5.2.0]
	at org.elasticsearch.action.support.nodes.TransportNodesAction.doExecute(TransportNodesAction.java:89) ~[elasticsearch-5.2.0.jar:5.2.0]
	at org.elasticsearch.action.support.nodes.TransportNodesAction.doExecute(TransportNodesAction.java:52) ~[elasticsearch-5.2.0.jar:5.2.0]
	at org.elasticsearch.action.support.TransportAction$RequestFilterChain.proceed(TransportAction.java:173) ~[elasticsearch-5.2.0.jar:5.2.0]
	at org.elasticsearch.action.support.TransportAction.execute(TransportAction.java:145) ~[elasticsearch-5.2.0.jar:5.2.0]
	at org.elasticsearch.action.support.TransportAction.execute(TransportAction.java:87) ~[elasticsearch-5.2.0.jar:5.2.0]
	at org.elasticsearch.client.node.NodeClient.executeLocally(NodeClient.java:75) ~[elasticsearch-5.2.0.jar:5.2.0]
	at org.elasticsearch.client.node.NodeClient.doExecute(NodeClient.java:64) ~[elasticsearch-5.2.0.jar:5.2.0]
	at org.elasticsearch.client.support.AbstractClient.execute(AbstractClient.java:403) ~[elasticsearch-5.2.0.jar:5.2.0]
	at org.elasticsearch.client.support.AbstractClient$ClusterAdmin.execute(AbstractClient.java:710) ~[elasticsearch-5.2.0.jar:5.2.0]
	at org.elasticsearch.client.support.AbstractClient$ClusterAdmin.nodesStats(AbstractClient.java:806) ~[elasticsearch-5.2.0.jar:5.2.0]
	at org.elasticsearch.cluster.InternalClusterInfoService.updateNodeStats(InternalClusterInfoService.java:256) ~[elasticsearch-5.2.0.jar:5.2.0]
	at org.elasticsearch.cluster.InternalClusterInfoService.refresh(InternalClusterInfoService.java:292) ~[elasticsearch-5.2.0.jar:5.2.0]
	at org.elasticsearch.cluster.InternalClusterInfoService.maybeRefresh(InternalClusterInfoService.java:277) ~[elasticsearch-5.2.0.jar:5.2.0]
	at org.elasticsearch.cluster.InternalClusterInfoService.lambda$onMaster$0(InternalClusterInfoService.java:137) ~[elasticsearch-5.2.0.jar:5.2.0]
	at org.elasticsearch.common.util.concurrent.ThreadContext$ContextPreservingRunnable.run(ThreadContext.java:527) ~[elasticsearch-5.2.0.jar:5.2.0]
	at java.util.concurrent.ThreadPoolExecutor.runWorker(ThreadPoolExecutor.java:1142) [?:1.8.0_121]
	at java.util.concurrent.ThreadPoolExecutor$Worker.run(ThreadPoolExecutor.java:617) [?:1.8.0_121]
	at java.lang.Thread.run(Thread.java:745) [?:1.8.0_121]
Caused by: org.elasticsearch.transport.TransportException: TransportService is closed stopped can't send request
	at org.elasticsearch.transport.TransportService.sendRequestInternal(TransportService.java:548) ~[elasticsearch-5.2.0.jar:5.2.0]
	... 21 more
[2018-03-12T22:43:26,838][DEBUG][o.e.a.a.c.n.s.TransportNodesStatsAction] [oVPwPF5] failed to execute on node [AOsTplI-RPGMhwE3hzuPaA]
org.elasticsearch.transport.NodeNotConnectedException: [AOsTplI][127.0.0.1:9300] Node not connected
	at org.elasticsearch.transport.TcpTransport.getConnection(TcpTransport.java:590) ~[elasticsearch-5.2.0.jar:5.2.0]
	at org.elasticsearch.transport.TcpTransport.getConnection(TcpTransport.java:113) ~[elasticsearch-5.2.0.jar:5.2.0]
	at org.elasticsearch.transport.TransportService.getConnection(TransportService.java:496) ~[elasticsearch-5.2.0.jar:5.2.0]
	at org.elasticsearch.transport.TransportService.sendRequest(TransportService.java:472) ~[elasticsearch-5.2.0.jar:5.2.0]
	at org.elasticsearch.action.support.nodes.TransportNodesAction$AsyncAction.start(TransportNodesAction.java:205) ~[elasticsearch-5.2.0.jar:5.2.0]
	at org.elasticsearch.action.support.nodes.TransportNodesAction.doExecute(TransportNodesAction.java:89) ~[elasticsearch-5.2.0.jar:5.2.0]
	at org.elasticsearch.action.support.nodes.TransportNodesAction.doExecute(TransportNodesAction.java:52) ~[elasticsearch-5.2.0.jar:5.2.0]
	at org.elasticsearch.action.support.TransportAction$RequestFilterChain.proceed(TransportAction.java:173) ~[elasticsearch-5.2.0.jar:5.2.0]
	at org.elasticsearch.action.support.TransportAction.execute(TransportAction.java:145) ~[elasticsearch-5.2.0.jar:5.2.0]
	at org.elasticsearch.action.support.TransportAction.execute(TransportAction.java:87) ~[elasticsearch-5.2.0.jar:5.2.0]
	at org.elasticsearch.client.node.NodeClient.executeLocally(NodeClient.java:75) ~[elasticsearch-5.2.0.jar:5.2.0]
	at org.elasticsearch.client.node.NodeClient.doExecute(NodeClient.java:64) ~[elasticsearch-5.2.0.jar:5.2.0]
	at org.elasticsearch.client.support.AbstractClient.execute(AbstractClient.java:403) ~[elasticsearch-5.2.0.jar:5.2.0]
	at org.elasticsearch.client.support.AbstractClient$ClusterAdmin.execute(AbstractClient.java:710) ~[elasticsearch-5.2.0.jar:5.2.0]
	at org.elasticsearch.client.support.AbstractClient$ClusterAdmin.nodesStats(AbstractClient.java:806) ~[elasticsearch-5.2.0.jar:5.2.0]
	at org.elasticsearch.cluster.InternalClusterInfoService.updateNodeStats(InternalClusterInfoService.java:256) ~[elasticsearch-5.2.0.jar:5.2.0]
	at org.elasticsearch.cluster.InternalClusterInfoService.refresh(InternalClusterInfoService.java:292) ~[elasticsearch-5.2.0.jar:5.2.0]
	at org.elasticsearch.cluster.InternalClusterInfoService.maybeRefresh(InternalClusterInfoService.java:277) ~[elasticsearch-5.2.0.jar:5.2.0]
	at org.elasticsearch.cluster.InternalClusterInfoService.lambda$onMaster$0(InternalClusterInfoService.java:137) ~[elasticsearch-5.2.0.jar:5.2.0]
	at org.elasticsearch.common.util.concurrent.ThreadContext$ContextPreservingRunnable.run(ThreadContext.java:527) [elasticsearch-5.2.0.jar:5.2.0]
	at java.util.concurrent.ThreadPoolExecutor.runWorker(ThreadPoolExecutor.java:1142) [?:1.8.0_121]
	at java.util.concurrent.ThreadPoolExecutor$Worker.run(ThreadPoolExecutor.java:617) [?:1.8.0_121]
	at java.lang.Thread.run(Thread.java:745) [?:1.8.0_121]
[2018-03-12T22:43:26,860][WARN ][o.e.a.a.c.n.s.TransportNodesStatsAction] [oVPwPF5] not accumulating exceptions, excluding exception from response
org.elasticsearch.action.FailedNodeException: Failed node [oVPwPF51Rq6bf620U5Yafg]
	at org.elasticsearch.action.support.nodes.TransportNodesAction$AsyncAction.onFailure(TransportNodesAction.java:247) ~[elasticsearch-5.2.0.jar:5.2.0]
	at org.elasticsearch.action.support.nodes.TransportNodesAction$AsyncAction.access$300(TransportNodesAction.java:160) ~[elasticsearch-5.2.0.jar:5.2.0]
	at org.elasticsearch.action.support.nodes.TransportNodesAction$AsyncAction$1.handleException(TransportNodesAction.java:219) ~[elasticsearch-5.2.0.jar:5.2.0]
	at org.elasticsearch.transport.TransportService$ContextRestoreResponseHandler.handleException(TransportService.java:1024) ~[elasticsearch-5.2.0.jar:5.2.0]
	at org.elasticsearch.transport.TransportService$6.doRun(TransportService.java:585) ~[elasticsearch-5.2.0.jar:5.2.0]
	at org.elasticsearch.common.util.concurrent.ThreadContext$ContextPreservingAbstractRunnable.doRun(ThreadContext.java:596) ~[elasticsearch-5.2.0.jar:5.2.0]
	at org.elasticsearch.common.util.concurrent.AbstractRunnable.run(AbstractRunnable.java:37) ~[elasticsearch-5.2.0.jar:5.2.0]
	at java.util.concurrent.ThreadPoolExecutor.runWorker(ThreadPoolExecutor.java:1142) [?:1.8.0_121]
	at java.util.concurrent.ThreadPoolExecutor$Worker.run(ThreadPoolExecutor.java:617) [?:1.8.0_121]
	at java.lang.Thread.run(Thread.java:745) [?:1.8.0_121]
Caused by: org.elasticsearch.transport.SendRequestTransportException: [oVPwPF5][127.0.0.1:9301][cluster:monitor/nodes/stats[n]]
	at org.elasticsearch.transport.TransportService.sendRequestInternal(TransportService.java:564) ~[elasticsearch-5.2.0.jar:5.2.0]
	at org.elasticsearch.transport.TransportService.sendRequest(TransportService.java:485) ~[elasticsearch-5.2.0.jar:5.2.0]
	at org.elasticsearch.transport.TransportService.sendRequest(TransportService.java:473) ~[elasticsearch-5.2.0.jar:5.2.0]
	at org.elasticsearch.action.support.nodes.TransportNodesAction$AsyncAction.start(TransportNodesAction.java:205) ~[elasticsearch-5.2.0.jar:5.2.0]
	at org.elasticsearch.action.support.nodes.TransportNodesAction.doExecute(TransportNodesAction.java:89) ~[elasticsearch-5.2.0.jar:5.2.0]
	at org.elasticsearch.action.support.nodes.TransportNodesAction.doExecute(TransportNodesAction.java:52) ~[elasticsearch-5.2.0.jar:5.2.0]
	at org.elasticsearch.action.support.TransportAction$RequestFilterChain.proceed(TransportAction.java:173) ~[elasticsearch-5.2.0.jar:5.2.0]
	at org.elasticsearch.action.support.TransportAction.execute(TransportAction.java:145) ~[elasticsearch-5.2.0.jar:5.2.0]
	at org.elasticsearch.action.support.TransportAction.execute(TransportAction.java:87) ~[elasticsearch-5.2.0.jar:5.2.0]
	at org.elasticsearch.client.node.NodeClient.executeLocally(NodeClient.java:75) ~[elasticsearch-5.2.0.jar:5.2.0]
	at org.elasticsearch.client.node.NodeClient.doExecute(NodeClient.java:64) ~[elasticsearch-5.2.0.jar:5.2.0]
	at org.elasticsearch.client.support.AbstractClient.execute(AbstractClient.java:403) ~[elasticsearch-5.2.0.jar:5.2.0]
	at org.elasticsearch.client.support.AbstractClient$ClusterAdmin.execute(AbstractClient.java:710) ~[elasticsearch-5.2.0.jar:5.2.0]
	at org.elasticsearch.client.support.AbstractClient$ClusterAdmin.nodesStats(AbstractClient.java:806) ~[elasticsearch-5.2.0.jar:5.2.0]
	at org.elasticsearch.cluster.InternalClusterInfoService.updateNodeStats(InternalClusterInfoService.java:256) ~[elasticsearch-5.2.0.jar:5.2.0]
	at org.elasticsearch.cluster.InternalClusterInfoService.refresh(InternalClusterInfoService.java:292) ~[elasticsearch-5.2.0.jar:5.2.0]
	at org.elasticsearch.cluster.InternalClusterInfoService.maybeRefresh(InternalClusterInfoService.java:277) ~[elasticsearch-5.2.0.jar:5.2.0]
	at org.elasticsearch.cluster.InternalClusterInfoService.lambda$onMaster$0(InternalClusterInfoService.java:137) ~[elasticsearch-5.2.0.jar:5.2.0]
	at org.elasticsearch.common.util.concurrent.ThreadContext$ContextPreservingRunnable.run(ThreadContext.java:527) [elasticsearch-5.2.0.jar:5.2.0]
	... 3 more
Caused by: org.elasticsearch.transport.TransportException: TransportService is closed stopped can't send request
	at org.elasticsearch.transport.TransportService.sendRequestInternal(TransportService.java:548) ~[elasticsearch-5.2.0.jar:5.2.0]
	at org.elasticsearch.transport.TransportService.sendRequest(TransportService.java:485) ~[elasticsearch-5.2.0.jar:5.2.0]
	at org.elasticsearch.transport.TransportService.sendRequest(TransportService.java:473) ~[elasticsearch-5.2.0.jar:5.2.0]
	at org.elasticsearch.action.support.nodes.TransportNodesAction$AsyncAction.start(TransportNodesAction.java:205) ~[elasticsearch-5.2.0.jar:5.2.0]
	at org.elasticsearch.action.support.nodes.TransportNodesAction.doExecute(TransportNodesAction.java:89) ~[elasticsearch-5.2.0.jar:5.2.0]
	at org.elasticsearch.action.support.nodes.TransportNodesAction.doExecute(TransportNodesAction.java:52) ~[elasticsearch-5.2.0.jar:5.2.0]
	at org.elasticsearch.action.support.TransportAction$RequestFilterChain.proceed(TransportAction.java:173) ~[elasticsearch-5.2.0.jar:5.2.0]
	at org.elasticsearch.action.support.TransportAction.execute(TransportAction.java:145) ~[elasticsearch-5.2.0.jar:5.2.0]
	at org.elasticsearch.action.support.TransportAction.execute(TransportAction.java:87) ~[elasticsearch-5.2.0.jar:5.2.0]
	at org.elasticsearch.client.node.NodeClient.executeLocally(NodeClient.java:75) ~[elasticsearch-5.2.0.jar:5.2.0]
	at org.elasticsearch.client.node.NodeClient.doExecute(NodeClient.java:64) ~[elasticsearch-5.2.0.jar:5.2.0]
	at org.elasticsearch.client.support.AbstractClient.execute(AbstractClient.java:403) ~[elasticsearch-5.2.0.jar:5.2.0]
	at org.elasticsearch.client.support.AbstractClient$ClusterAdmin.execute(AbstractClient.java:710) ~[elasticsearch-5.2.0.jar:5.2.0]
	at org.elasticsearch.client.support.AbstractClient$ClusterAdmin.nodesStats(AbstractClient.java:806) ~[elasticsearch-5.2.0.jar:5.2.0]
	at org.elasticsearch.cluster.InternalClusterInfoService.updateNodeStats(InternalClusterInfoService.java:256) ~[elasticsearch-5.2.0.jar:5.2.0]
	at org.elasticsearch.cluster.InternalClusterInfoService.refresh(InternalClusterInfoService.java:292) ~[elasticsearch-5.2.0.jar:5.2.0]
	at org.elasticsearch.cluster.InternalClusterInfoService.maybeRefresh(InternalClusterInfoService.java:277) ~[elasticsearch-5.2.0.jar:5.2.0]
	at org.elasticsearch.cluster.InternalClusterInfoService.lambda$onMaster$0(InternalClusterInfoService.java:137) ~[elasticsearch-5.2.0.jar:5.2.0]
	at org.elasticsearch.common.util.concurrent.ThreadContext$ContextPreservingRunnable.run(ThreadContext.java:527) ~[elasticsearch-5.2.0.jar:5.2.0]
	... 3 more
[2018-03-12T22:43:26,958][WARN ][o.e.a.a.c.n.s.TransportNodesStatsAction] [oVPwPF5] not accumulating exceptions, excluding exception from response
org.elasticsearch.action.FailedNodeException: Failed node [AOsTplI-RPGMhwE3hzuPaA]
	at org.elasticsearch.action.support.nodes.TransportNodesAction$AsyncAction.onFailure(TransportNodesAction.java:247) ~[elasticsearch-5.2.0.jar:5.2.0]
	at org.elasticsearch.action.support.nodes.TransportNodesAction$AsyncAction.access$300(TransportNodesAction.java:160) ~[elasticsearch-5.2.0.jar:5.2.0]
	at org.elasticsearch.action.support.nodes.TransportNodesAction$AsyncAction$1.handleException(TransportNodesAction.java:219) ~[elasticsearch-5.2.0.jar:5.2.0]
	at org.elasticsearch.transport.TransportService.sendRequest(TransportService.java:476) ~[elasticsearch-5.2.0.jar:5.2.0]
	at org.elasticsearch.action.support.nodes.TransportNodesAction$AsyncAction.start(TransportNodesAction.java:205) ~[elasticsearch-5.2.0.jar:5.2.0]
	at org.elasticsearch.action.support.nodes.TransportNodesAction.doExecute(TransportNodesAction.java:89) ~[elasticsearch-5.2.0.jar:5.2.0]
	at org.elasticsearch.action.support.nodes.TransportNodesAction.doExecute(TransportNodesAction.java:52) ~[elasticsearch-5.2.0.jar:5.2.0]
	at org.elasticsearch.action.support.TransportAction$RequestFilterChain.proceed(TransportAction.java:173) ~[elasticsearch-5.2.0.jar:5.2.0]
	at org.elasticsearch.action.support.TransportAction.execute(TransportAction.java:145) ~[elasticsearch-5.2.0.jar:5.2.0]
	at org.elasticsearch.action.support.TransportAction.execute(TransportAction.java:87) ~[elasticsearch-5.2.0.jar:5.2.0]
	at org.elasticsearch.client.node.NodeClient.executeLocally(NodeClient.java:75) ~[elasticsearch-5.2.0.jar:5.2.0]
	at org.elasticsearch.client.node.NodeClient.doExecute(NodeClient.java:64) ~[elasticsearch-5.2.0.jar:5.2.0]
	at org.elasticsearch.client.support.AbstractClient.execute(AbstractClient.java:403) ~[elasticsearch-5.2.0.jar:5.2.0]
	at org.elasticsearch.client.support.AbstractClient$ClusterAdmin.execute(AbstractClient.java:710) ~[elasticsearch-5.2.0.jar:5.2.0]
	at org.elasticsearch.client.support.AbstractClient$ClusterAdmin.nodesStats(AbstractClient.java:806) ~[elasticsearch-5.2.0.jar:5.2.0]
	at org.elasticsearch.cluster.InternalClusterInfoService.updateNodeStats(InternalClusterInfoService.java:256) ~[elasticsearch-5.2.0.jar:5.2.0]
	at org.elasticsearch.cluster.InternalClusterInfoService.refresh(InternalClusterInfoService.java:292) ~[elasticsearch-5.2.0.jar:5.2.0]
	at org.elasticsearch.cluster.InternalClusterInfoService.maybeRefresh(InternalClusterInfoService.java:277) ~[elasticsearch-5.2.0.jar:5.2.0]
	at org.elasticsearch.cluster.InternalClusterInfoService.lambda$onMaster$0(InternalClusterInfoService.java:137) ~[elasticsearch-5.2.0.jar:5.2.0]
	at org.elasticsearch.common.util.concurrent.ThreadContext$ContextPreservingRunnable.run(ThreadContext.java:527) [elasticsearch-5.2.0.jar:5.2.0]
	at java.util.concurrent.ThreadPoolExecutor.runWorker(ThreadPoolExecutor.java:1142) [?:1.8.0_121]
	at java.util.concurrent.ThreadPoolExecutor$Worker.run(ThreadPoolExecutor.java:617) [?:1.8.0_121]
	at java.lang.Thread.run(Thread.java:745) [?:1.8.0_121]
Caused by: org.elasticsearch.transport.NodeNotConnectedException: [AOsTplI][127.0.0.1:9300] Node not connected
	at org.elasticsearch.transport.TcpTransport.getConnection(TcpTransport.java:590) ~[elasticsearch-5.2.0.jar:5.2.0]
	at org.elasticsearch.transport.TcpTransport.getConnection(TcpTransport.java:113) ~[elasticsearch-5.2.0.jar:5.2.0]
	at org.elasticsearch.transport.TransportService.getConnection(TransportService.java:496) ~[elasticsearch-5.2.0.jar:5.2.0]
	at org.elasticsearch.transport.TransportService.sendRequest(TransportService.java:472) ~[elasticsearch-5.2.0.jar:5.2.0]
	... 19 more
[2018-03-12T22:43:26,986][DEBUG][o.e.a.a.i.s.TransportIndicesStatsAction] [oVPwPF5] failed to execute [indices:monitor/stats] on node [AOsTplI-RPGMhwE3hzuPaA]
org.elasticsearch.transport.NodeNotConnectedException: [AOsTplI][127.0.0.1:9300] Node not connected
	at org.elasticsearch.transport.TcpTransport.getConnection(TcpTransport.java:590) ~[elasticsearch-5.2.0.jar:5.2.0]
	at org.elasticsearch.transport.TcpTransport.getConnection(TcpTransport.java:113) ~[elasticsearch-5.2.0.jar:5.2.0]
	at org.elasticsearch.transport.TransportService.getConnection(TransportService.java:496) ~[elasticsearch-5.2.0.jar:5.2.0]
	at org.elasticsearch.transport.TransportService.sendRequest(TransportService.java:459) ~[elasticsearch-5.2.0.jar:5.2.0]
	at org.elasticsearch.action.support.broadcast.node.TransportBroadcastByNodeAction$AsyncAction.sendNodeRequest(TransportBroadcastByNodeAction.java:323) ~[elasticsearch-5.2.0.jar:5.2.0]
	at org.elasticsearch.action.support.broadcast.node.TransportBroadcastByNodeAction$AsyncAction.start(TransportBroadcastByNodeAction.java:311) ~[elasticsearch-5.2.0.jar:5.2.0]
	at org.elasticsearch.action.support.broadcast.node.TransportBroadcastByNodeAction.doExecute(TransportBroadcastByNodeAction.java:234) ~[elasticsearch-5.2.0.jar:5.2.0]
	at org.elasticsearch.action.support.broadcast.node.TransportBroadcastByNodeAction.doExecute(TransportBroadcastByNodeAction.java:79) ~[elasticsearch-5.2.0.jar:5.2.0]
	at org.elasticsearch.action.support.TransportAction$RequestFilterChain.proceed(TransportAction.java:173) ~[elasticsearch-5.2.0.jar:5.2.0]
	at org.elasticsearch.action.support.TransportAction.execute(TransportAction.java:145) ~[elasticsearch-5.2.0.jar:5.2.0]
	at org.elasticsearch.action.support.TransportAction.execute(TransportAction.java:87) ~[elasticsearch-5.2.0.jar:5.2.0]
	at org.elasticsearch.client.node.NodeClient.executeLocally(NodeClient.java:75) ~[elasticsearch-5.2.0.jar:5.2.0]
	at org.elasticsearch.client.node.NodeClient.doExecute(NodeClient.java:64) ~[elasticsearch-5.2.0.jar:5.2.0]
	at org.elasticsearch.client.support.AbstractClient.execute(AbstractClient.java:403) ~[elasticsearch-5.2.0.jar:5.2.0]
	at org.elasticsearch.client.support.AbstractClient$IndicesAdmin.execute(AbstractClient.java:1226) ~[elasticsearch-5.2.0.jar:5.2.0]
	at org.elasticsearch.client.support.AbstractClient$IndicesAdmin.stats(AbstractClient.java:1547) ~[elasticsearch-5.2.0.jar:5.2.0]
	at org.elasticsearch.cluster.InternalClusterInfoService.updateIndicesStats(InternalClusterInfoService.java:270) ~[elasticsearch-5.2.0.jar:5.2.0]
	at org.elasticsearch.cluster.InternalClusterInfoService.refresh(InternalClusterInfoService.java:321) ~[elasticsearch-5.2.0.jar:5.2.0]
	at org.elasticsearch.cluster.InternalClusterInfoService.maybeRefresh(InternalClusterInfoService.java:277) ~[elasticsearch-5.2.0.jar:5.2.0]
	at org.elasticsearch.cluster.InternalClusterInfoService.lambda$onMaster$0(InternalClusterInfoService.java:137) ~[elasticsearch-5.2.0.jar:5.2.0]
	at org.elasticsearch.common.util.concurrent.ThreadContext$ContextPreservingRunnable.run(ThreadContext.java:527) [elasticsearch-5.2.0.jar:5.2.0]
	at java.util.concurrent.ThreadPoolExecutor.runWorker(ThreadPoolExecutor.java:1142) [?:1.8.0_121]
	at java.util.concurrent.ThreadPoolExecutor$Worker.run(ThreadPoolExecutor.java:617) [?:1.8.0_121]
	at java.lang.Thread.run(Thread.java:745) [?:1.8.0_121]
[2018-03-12T22:43:27,007][DEBUG][o.e.a.a.i.s.TransportIndicesStatsAction] [oVPwPF5] failed to execute [indices:monitor/stats] on node [oVPwPF51Rq6bf620U5Yafg]
org.elasticsearch.transport.SendRequestTransportException: [oVPwPF5][127.0.0.1:9301][indices:monitor/stats[n]]
	at org.elasticsearch.transport.TransportService.sendRequestInternal(TransportService.java:564) ~[elasticsearch-5.2.0.jar:5.2.0]
	at org.elasticsearch.transport.TransportService.sendRequest(TransportService.java:485) ~[elasticsearch-5.2.0.jar:5.2.0]
	at org.elasticsearch.transport.TransportService.sendRequest(TransportService.java:460) ~[elasticsearch-5.2.0.jar:5.2.0]
	at org.elasticsearch.action.support.broadcast.node.TransportBroadcastByNodeAction$AsyncAction.sendNodeRequest(TransportBroadcastByNodeAction.java:323) ~[elasticsearch-5.2.0.jar:5.2.0]
	at org.elasticsearch.action.support.broadcast.node.TransportBroadcastByNodeAction$AsyncAction.start(TransportBroadcastByNodeAction.java:311) ~[elasticsearch-5.2.0.jar:5.2.0]
	at org.elasticsearch.action.support.broadcast.node.TransportBroadcastByNodeAction.doExecute(TransportBroadcastByNodeAction.java:234) ~[elasticsearch-5.2.0.jar:5.2.0]
	at org.elasticsearch.action.support.broadcast.node.TransportBroadcastByNodeAction.doExecute(TransportBroadcastByNodeAction.java:79) ~[elasticsearch-5.2.0.jar:5.2.0]
	at org.elasticsearch.action.support.TransportAction$RequestFilterChain.proceed(TransportAction.java:173) ~[elasticsearch-5.2.0.jar:5.2.0]
	at org.elasticsearch.action.support.TransportAction.execute(TransportAction.java:145) ~[elasticsearch-5.2.0.jar:5.2.0]
	at org.elasticsearch.action.support.TransportAction.execute(TransportAction.java:87) ~[elasticsearch-5.2.0.jar:5.2.0]
	at org.elasticsearch.client.node.NodeClient.executeLocally(NodeClient.java:75) ~[elasticsearch-5.2.0.jar:5.2.0]
	at org.elasticsearch.client.node.NodeClient.doExecute(NodeClient.java:64) ~[elasticsearch-5.2.0.jar:5.2.0]
	at org.elasticsearch.client.support.AbstractClient.execute(AbstractClient.java:403) ~[elasticsearch-5.2.0.jar:5.2.0]
	at org.elasticsearch.client.support.AbstractClient$IndicesAdmin.execute(AbstractClient.java:1226) ~[elasticsearch-5.2.0.jar:5.2.0]
	at org.elasticsearch.client.support.AbstractClient$IndicesAdmin.stats(AbstractClient.java:1547) ~[elasticsearch-5.2.0.jar:5.2.0]
	at org.elasticsearch.cluster.InternalClusterInfoService.updateIndicesStats(InternalClusterInfoService.java:270) ~[elasticsearch-5.2.0.jar:5.2.0]
	at org.elasticsearch.cluster.InternalClusterInfoService.refresh(InternalClusterInfoService.java:321) ~[elasticsearch-5.2.0.jar:5.2.0]
	at org.elasticsearch.cluster.InternalClusterInfoService.maybeRefresh(InternalClusterInfoService.java:277) ~[elasticsearch-5.2.0.jar:5.2.0]
	at org.elasticsearch.cluster.InternalClusterInfoService.lambda$onMaster$0(InternalClusterInfoService.java:137) ~[elasticsearch-5.2.0.jar:5.2.0]
	at org.elasticsearch.common.util.concurrent.ThreadContext$ContextPreservingRunnable.run(ThreadContext.java:527) ~[elasticsearch-5.2.0.jar:5.2.0]
	at java.util.concurrent.ThreadPoolExecutor.runWorker(ThreadPoolExecutor.java:1142) [?:1.8.0_121]
	at java.util.concurrent.ThreadPoolExecutor$Worker.run(ThreadPoolExecutor.java:617) [?:1.8.0_121]
	at java.lang.Thread.run(Thread.java:745) [?:1.8.0_121]
Caused by: org.elasticsearch.transport.TransportException: TransportService is closed stopped can't send request
	at org.elasticsearch.transport.TransportService.sendRequestInternal(TransportService.java:548) ~[elasticsearch-5.2.0.jar:5.2.0]
	... 22 more
[2018-03-12T22:43:27,112][INFO ][o.e.n.Node               ] [oVPwPF5] stopped
[2018-03-12T22:43:27,113][INFO ][o.e.n.Node               ] [oVPwPF5] closing ...
[2018-03-12T22:43:27,124][INFO ][o.e.n.Node               ] [oVPwPF5] closed
